[mobirise.com/extensions/boldm5/tech-blog/index.html]
[mobirise.com/extensions/boldm5/tech-blog/assets/images/logo.png]
[backblue.gif]
[fade.gif]
[index.html]
[mobirise.com/extensions/boldm5/tech-blog/assets/web/assets/mobirise-icons2/mobirise2.css]
[mobirise.com/extensions/boldm5/tech-blog/assets/bootstrap/css/bootstrap.min.css]
[mobirise.com/extensions/boldm5/tech-blog/assets/bootstrap/css/bootstrap-grid.min.css]
[mobirise.com/extensions/boldm5/tech-blog/assets/bootstrap/css/bootstrap-reboot.min.css]
[mobirise.com/extensions/boldm5/tech-blog/assets/parallax/jarallax.css]
[mobirise.com/extensions/boldm5/tech-blog/assets/dropdown/css/style.css]
[mobirise.com/extensions/boldm5/tech-blog/assets/socicon/css/styles.css]
[mobirise.com/extensions/boldm5/tech-blog/assets/theme/css/style.css]
[mobirise.com/extensions/boldm5/tech-blog/assets/mobirise/css/mbr-additional.css]
[mobirise.com/extensions/boldm5/tech-blog/assets/images/image6.jpg]
[mobirise.com/extensions/boldm5/tech-blog/assets/images/image2.jpg]
[mobirise.com/extensions/boldm5/tech-blog/assets/images/image9.jpg]
[mobirise.com/extensions/boldm5/tech-blog/assets/images/image4.jpg]
[mobirise.com/extensions/boldm5/tech-blog/assets/images/image5.jpg]
[mobirise.com/extensions/boldm5/tech-blog/assets/images/image8.jpg]
[mobirise.com/extensions/boldm5/tech-blog/assets/images/image12.jpg]
[mobirise.com/extensions/boldm5/tech-blog/assets/images/image15.jpg]
[mobirise.com/extensions/boldm5/tech-blog/assets/images/image10.jpg]
[mobirise.com/extensions/boldm5/tech-blog/assets/images/image11.jpg]
[mobirise.com/extensions/boldm5/tech-blog/assets/images/image1.jpg]
[mobirise.com/extensions/boldm5/tech-blog/assets/images/image14.jpg]
[mobirise.com/extensions/boldm5/tech-blog/assets/images/image13.jpg]
[mobirise.com/extensions/boldm5/tech-blog/assets/bootstrap/js/bootstrap.bundle.min.js]
[mobirise.com/extensions/boldm5/tech-blog/assets/parallax/jarallax.js]
[mobirise.com/extensions/boldm5/tech-blog/assets/smoothscroll/smooth-scroll.js]
[mobirise.com/extensions/boldm5/tech-blog/assets/ytplayer/index.js]
[mobirise.com/extensions/boldm5/tech-blog/assets/dropdown/js/navbar-dropdown.js]
[mobirise.com/extensions/boldm5/tech-blog/assets/mbr-tabs/mbr-tabs.js]
[mobirise.com/extensions/boldm5/tech-blog/assets/theme/js/script.js]
[mobirise.com/extensions/boldm5/tech-blog/index.html]
[mobirise.com/extensions/boldm5/tech-blog/assets/web/assets/mobirise-icons2/mobirise21e04.eot]
[mobirise.com/extensions/boldm5/tech-blog/assets/web/assets/mobirise-icons2/mobirise21e04.ttf]
[mobirise.com/extensions/boldm5/tech-blog/assets/web/assets/mobirise-icons2/mobirise21e04.woff]
[mobirise.com/extensions/boldm5/tech-blog/assets/web/assets/mobirise-icons2/mobirise2.css]
[mobirise.com/extensions/boldm5/tech-blog/assets/bootstrap/css/bootstrap.min.css]
[mobirise.com/extensions/boldm5/tech-blog/assets/bootstrap/css/bootstrap-grid.min.css]
[mobirise.com/extensions/boldm5/tech-blog/assets/bootstrap/css/bootstrap-reboot.min.css]
[mobirise.com/extensions/boldm5/tech-blog/assets/parallax/jarallax.css]
[mobirise.com/extensions/boldm5/tech-blog/assets/dropdown/css/style.css]
[mobirise.com/extensions/boldm5/tech-blog/assets/web/assets/mobirise-icons2/mobirise21e04.svg]
[mobirise.com/extensions/boldm5/tech-blog/assets/socicon/fonts/socicon.eot]
[mobirise.com/extensions/boldm5/tech-blog/assets/socicon/fonts/socicond41d.eot]
[mobirise.com/extensions/boldm5/tech-blog/assets/socicon/fonts/socicon.woff2]
[mobirise.com/extensions/boldm5/tech-blog/assets/socicon/fonts/socicon.ttf]
[mobirise.com/extensions/boldm5/tech-blog/assets/socicon/fonts/socicon.woff]
[mobirise.com/extensions/boldm5/tech-blog/assets/socicon/css/styles.css]
[mobirise.com/extensions/boldm5/tech-blog/assets/theme/css/style.css]
[mobirise.com/extensions/boldm5/tech-blog/assets/socicon/fonts/socicon.svg]
[mobirise.com/extensions/boldm5/tech-blog/assets/images/background1.jpg]
[mobirise.com/extensions/boldm5/tech-blog/assets/mobirise/css/mbr-additional.css]
[mobirise.com/extensions/boldm5/tech-blog/assets/web/assets/mobirise-icons2/mobirise21e04.svg]
[mobirise.com/extensions/boldm5/tech-blog/assets/socicon/fonts/socicon.svg]
